#
# A fatal error has been detected by the Java Runtime Environment:
#
#  SIGSEGV (0xb) at pc=0x000000010294b2fa, pid=70324, tid=13315
#
# JRE version: Java(TM) SE Runtime Environment 18.9 (11.0.18+9) (build 11.0.18+9-LTS-195)
# Java VM: Java HotSpot(TM) 64-Bit Server VM 18.9 (11.0.18+9-LTS-195, mixed mode, tiered, compressed oops, g1 gc, bsd-amd64)
# Problematic frame:
# V  [libjvm.dylib+0x24f2fa]  _ZN12ConstantPool31impl_name_and_type_ref_index_atEib+0x1e
#
# No core dump will be written. Core dumps have been disabled. To enable core dumping, try "ulimit -c unlimited" before starting Java again
#
# If you would like to submit a bug report, please visit:
#   https://bugreport.java.com/bugreport/crash.jsp
#

---------------  S U M M A R Y ------------

Command Line: -agentlib:jdwp=transport=dt_socket,suspend=y,address=localhost:49222 -javaagent:/Applications/Eclipse.app/Contents/Eclipse/configuration/org.eclipse.osgi/426/0/.cp/lib/javaagent-shaded.jar -Dfile.encoding=UTF-8 -Dstdout.encoding=UTF-8 -Dstderr.encoding=UTF-8 --module-path=/Users/3di/eclipse-workspace/logicalprogram/bin -Djdk.module.main=logicalprogram logicalprogram/com.logicalprogram.maximum_occurance

Host: MacBookAir7,2 x86_64 1600 MHz, 4 cores, 8G, Darwin 21.6.0
Time: Thu Feb 22 01:07:07 2024 IST elapsed time: 1961.352859 seconds (0d 0h 32m 41s)

---------------  T H R E A D  ---------------

Current thread (0x00007fc656009000):  VMThread "VM Thread" [stack: 0x000070000fe78000,0x000070000ff78000] [id=13315]

Stack: [0x000070000fe78000,0x000070000ff78000],  sp=0x000070000ff772d0,  free space=1020k
Native frames: (J=compiled Java code, j=interpreted, Vv=VM code, C=native code)
V  [libjvm.dylib+0x24f2fa]  _ZN12ConstantPool31impl_name_and_type_ref_index_atEib+0x1e
V  [libjvm.dylib+0x24f33e]  _ZN12ConstantPool21impl_signature_ref_atEib+0xe
V  [libjvm.dylib+0x346ea0]  _ZN14GenerateOopMap9do_methodEiiii+0x40
V  [libjvm.dylib+0x3453c9]  _ZN14GenerateOopMap9interp_bbEP10BasicBlock+0xdb
V  [libjvm.dylib+0x3450b6]  _ZN14GenerateOopMap10interp_allEv+0x3c
V  [libjvm.dylib+0x344d63]  _ZN14GenerateOopMap17do_interpretationEv+0x4b
V  [libjvm.dylib+0x347694]  _ZN14GenerateOopMap11compute_mapEP6Thread+0x164
V  [libjvm.dylib+0x636dad]  _ZN19OopMapForCacheEntry11compute_mapEP6Thread+0x51
V  [libjvm.dylib+0x63759c]  _ZN16OopMapCacheEntry4fillERK12methodHandlei+0xac
V  [libjvm.dylib+0x637e8b]  _ZN11OopMapCache19compute_one_oop_mapERK12methodHandleiP17InterpreterOopMap+0x5d
V  [libjvm.dylib+0x5fd56c]  _ZN6Method8mask_forEiP17InterpreterOopMap+0x7e
V  [libjvm.dylib+0x5062e9]  _ZN16VM_GetOrSetLocal4doitEv+0x45
V  [libjvm.dylib+0x798533]  _ZN12VM_Operation8evaluateEv+0xd5
V  [libjvm.dylib+0x797807]  _ZN8VMThread18evaluate_operationEP12VM_Operation+0x139
V  [libjvm.dylib+0x797257]  _ZN8VMThread4loopEv+0xed
V  [libjvm.dylib+0x79707d]  _ZN8VMThread3runEv+0x6f
V  [libjvm.dylib+0x73ab16]  _ZN6Thread8call_runEv+0x68
V  [libjvm.dylib+0x6403b2]  _ZL19thread_native_entryP6Thread+0x122
C  [libsystem_pthread.dylib+0x64e1]  _pthread_start+0x7d
C  [libsystem_pthread.dylib+0x1f6b]  thread_start+0xf


siginfo: si_signo: 11 (SIGSEGV), si_code: 1 (SEGV_MAPERR), si_addr: 0x0000000ac21f3bc0

Register to memory mapping:

RAX=0x0000000122159978 is pointing into metadata
RBX=0x0000000122159168 is pointing into metadata
RCX=0x00000009a009a220 is an unknown value
RDX=0x0 is NULL
RSP=0x000070000ff772d0 points into unknown readable memory: 0x000070000ff772f0 | f0 72 f7 0f 00 70 00 00
RBP=0x000070000ff772d0 points into unknown readable memory: 0x000070000ff772f0 | f0 72 f7 0f 00 70 00 00
RSI=0x000000004d004d11 is an unknown value
RDI=0x0000000122159168 is pointing into metadata
R8 =0x00000000000000b1 is an unknown value
R9 =0x000000004700000b is an unknown value
R10=0x0000000042000000 is an unknown value
R11=0xffffffffff082560 is an unknown value
R12=0x00000000000000ba is an unknown value
R13=0x000070000ff77940 points into unknown readable memory: 0x000000010302b078 | 78 b0 02 03 01 00 00 00
R14=0x0000000000000001 is an unknown value
R15=0x00000000000000b1 is an unknown value


Registers:
RAX=0x0000000122159978, RBX=0x0000000122159168, RCX=0x00000009a009a220, RDX=0x0000000000000000
RSP=0x000070000ff772d0, RBP=0x000070000ff772d0, RSI=0x000000004d004d11, RDI=0x0000000122159168
R8 =0x00000000000000b1, R9 =0x000000004700000b, R10=0x0000000042000000, R11=0xffffffffff082560
R12=0x00000000000000ba, R13=0x000070000ff77940, R14=0x0000000000000001, R15=0x00000000000000b1
RIP=0x000000010294b2fa, EFLAGS=0x0000000000010202, ERR=0x0000000000000004
  TRAPNO=0x000000000000000e

Top of Stack: (sp=0x000070000ff772d0)
0x000070000ff772d0:   000070000ff772f0 000000010294b33e
0x000070000ff772e0:   0000000122159700 000070000ff77940
0x000070000ff772f0:   000070000ff77780 0000000102a42ea0
0x000070000ff77300:   000000010301edc8 00007fc6557a5bc8
0x000070000ff77310:   0000000000000014 000000000000000c
0x000070000ff77320:   000070000ff77330 0000000000000002
0x000070000ff77330:   4fffffff4fffffff 00007ff81afb630b
0x000070000ff77340:   000070000ff77480 00007fc6557a5bf8
0x000070000ff77350:   0000000000000000 0000000000000000
0x000070000ff77360:   0000000102f041f8 0000000000000043
0x000070000ff77370:   0000000000000000 0000000102f041f8
0x000070000ff77380:   000070000ff77710 00007ff81afb5bff
0x000070000ff77390:   000070000ff773b0 0000000102dc514f
0x000070000ff773a0:   000070000ff773c0 0000000000000000
0x000070000ff773b0:   00007fc6557a5bf8 000070000ff773f0
0x000070000ff773c0:   00000000000000b6 0000000000000000
0x000070000ff773d0:   0000000000000000 00000000000000b6
0x000070000ff773e0:   000070000ff77720 0000000102a42faf
0x000070000ff773f0:   0000000000000000 0000000000000000
0x000070000ff77400:   0000000000000001 0000000000000001
0x000070000ff77410:   00007ff81b035a59 0000000102f041d7
0x000070000ff77420:   4fffffff4fffffff 0000000000000000
0x000070000ff77430:   0000000000000000 0000000000000000
0x000070000ff77440:   0000000000000043 0000000000000000
0x000070000ff77450:   0000000000000000 0000000000000002
0x000070000ff77460:   0000000000000000 0000000000000000
0x000070000ff77470:   0000000000000050 000070000ff77720
0x000070000ff77480:   000070000ff77490 0000000000000000
0x000070000ff77490:   0000000102f041ee 0000000000000008
0x000070000ff774a0:   000070000ff7764e 0000000000000002
0x000070000ff774b0:   0000000000000000 0000000000000000
0x000070000ff774c0:   0000000000000000 0000000000000000 

Instructions: (pc=0x000000010294b2fa)
0x000000010294b2da:   5d c3 55 48 89 e5 85 d2 75 20 48 8b 47 10 48 85
0x000000010294b2ea:   c0 74 17 85 f6 79 02 f7 d6 48 63 ce 48 c1 e1 05
0x000000010294b2fa:   48 8b 44 08 28 0f b7 c0 eb 25 48 8b 4f 08 48 63
0x000000010294b30a:   c6 8a 4c 01 04 80 f9 12 74 15 48 8b 4f 08 8a 4c 

Stack slot to memory mapping:
stack at sp + 0 slots: 0x000070000ff772f0 points into unknown readable memory: 0x000070000ff77780 | 80 77 f7 0f 00 70 00 00
stack at sp + 1 slots: 0x000000010294b33e: _ZN12ConstantPool21impl_signature_ref_atEib+0xe in /Library/Java/JavaVirtualMachines/jdk-11.jdk/Contents/Home/lib/server/libjvm.dylib at 0x00000001026fc000
stack at sp + 2 slots: 0x0000000122159700 is pointing into metadata
stack at sp + 3 slots: 0x000070000ff77940 points into unknown readable memory: 0x000000010302b078 | 78 b0 02 03 01 00 00 00
stack at sp + 4 slots: 0x000070000ff77780 points into unknown readable memory: 0x000070000ff777f0 | f0 77 f7 0f 00 70 00 00
stack at sp + 5 slots: 0x0000000102a42ea0: _ZN14GenerateOopMap9do_methodEiiii+0x40 in /Library/Java/JavaVirtualMachines/jdk-11.jdk/Contents/Home/lib/server/libjvm.dylib at 0x00000001026fc000
stack at sp + 6 slots: 0x000000010301edc8: _ZTV16ComputeCallStack+0x10 in /Library/Java/JavaVirtualMachines/jdk-11.jdk/Contents/Home/lib/server/libjvm.dylib at 0x00000001026fc000
stack at sp + 7 slots: 0x00007fc6557a5bc8 points into unknown readable memory: 0x4c28768effff0026 | 26 00 ff ff 8e 76 28 4c

VM_Operation (0x0000700010a1ba50): GetOrSetLocal, mode: safepoint, requested by thread 0x00007fc6568bb800


---------------  P R O C E S S  ---------------

Threads class SMR info:
_java_thread_list=0x0000600000766fe0, length=12, elements={
0x00007fc655809000, 0x00007fc656815800, 0x00007fc6558be800, 0x00007fc656022800,
0x00007fc6558c1800, 0x00007fc656012800, 0x00007fc6558c2800, 0x00007fc656816800,
0x00007fc656051000, 0x00007fc6568bb800, 0x00007fc655998000, 0x00007fc654827000
}
_to_delete_list=0x0000600000766f80, length=11, elements={
0x00007fc655809000, 0x00007fc656815800, 0x00007fc6558be800, 0x00007fc656022800,
0x00007fc6558c1800, 0x00007fc656012800, 0x00007fc6558c2800, 0x00007fc656816800,
0x00007fc656051000, 0x00007fc6568bb800, 0x00007fc655998000
}

Java Threads: ( => current thread )
  0x00007fc655809000 JavaThread "main" [_thread_blocked, id=10243, stack(0x000070000f866000,0x000070000f966000)]
  0x00007fc656815800 JavaThread "Reference Handler" daemon [_thread_blocked, id=13827, stack(0x000070000ff7b000,0x000070001007b000)]
  0x00007fc6558be800 JavaThread "Finalizer" daemon [_thread_blocked, id=14595, stack(0x000070001007e000,0x000070001017e000)]
  0x00007fc656022800 JavaThread "Signal Dispatcher" daemon [_thread_blocked, id=15619, stack(0x000070001030a000,0x000070001040a000)]
  0x00007fc6558c1800 JavaThread "Service Thread" daemon [_thread_blocked, id=21763, stack(0x000070001040d000,0x000070001050d000)]
  0x00007fc656012800 JavaThread "C2 CompilerThread0" daemon [_thread_blocked, id=22275, stack(0x0000700010510000,0x0000700010610000)]
  0x00007fc6558c2800 JavaThread "C1 CompilerThread0" daemon [_thread_blocked, id=42755, stack(0x0000700010613000,0x0000700010713000)]
  0x00007fc656816800 JavaThread "Sweeper thread" daemon [_thread_blocked, id=42499, stack(0x0000700010716000,0x0000700010816000)]
  0x00007fc656051000 JavaThread "Common-Cleaner" daemon [_thread_blocked, id=23299, stack(0x0000700010819000,0x0000700010919000)]
  0x00007fc6568bb800 JavaThread "JDWP Transport Listener: dt_socket" daemon [_thread_blocked, id=41219, stack(0x000070001091c000,0x0000700010a1c000)] _threads_hazard_ptr=0x0000600000766fe0
  0x00007fc655998000 JavaThread "JDWP Event Helper Thread" daemon [_thread_blocked, id=23811, stack(0x0000700010a1f000,0x0000700010b1f000)]
  0x00007fc654827000 JavaThread "JDWP Command Reader" daemon [_thread_in_native, id=24323, stack(0x0000700010b22000,0x0000700010c22000)]

Other Threads:
=>0x00007fc656009000 VMThread "VM Thread" [stack: 0x000070000fe78000,0x000070000ff78000] [id=13315]
  0x00007fc656072000 WatcherThread [stack: 0x0000700010c25000,0x0000700010d25000] [id=24835]
  0x00007fc65580a800 GCTaskThread "GC Thread#0" [stack: 0x000070000f969000,0x000070000fa69000] [id=20739]
  0x00007fc655836000 ConcurrentGCThread "G1 Main Marker" [stack: 0x000070000fa6c000,0x000070000fb6c000] [id=11267]
  0x00007fc655837000 ConcurrentGCThread "G1 Conc#0" [stack: 0x000070000fb6f000,0x000070000fc6f000] [id=19971]
  0x00007fc655887800 ConcurrentGCThread "G1 Refine#0" [stack: 0x000070000fc72000,0x000070000fd72000] [id=12291]
  0x00007fc65680b000 ConcurrentGCThread "G1 Young RemSet Sampling" [stack: 0x000070000fd75000,0x000070000fe75000] [id=12803]

Threads with active compile tasks:

VM state:at safepoint (normal execution)

VM Mutex/Monitor currently owned by a thread:  ([mutex/lock_event])
[0x0000600002971a80] Threads_lock - owner thread: 0x00007fc656009000

Heap address: 0x0000000780000000, size: 2048 MB, Compressed Oops mode: Zero based, Oop shift amount: 3
Narrow klass base: 0x0000000800000000, Narrow klass shift: 0
Compressed class space size: 1073741824 Address: 0x0000000800000000

Heap:
 garbage-first heap   total 131072K, used 6144K [0x0000000780000000, 0x0000000800000000)
  region size 1024K, 7 young (7168K), 0 survivors (0K)
 Metaspace       used 10551K, capacity 10684K, committed 11008K, reserved 1058816K
  class space    used 941K, capacity 984K, committed 1024K, reserved 1048576K
Heap Regions: E=young(eden), S=young(survivor), O=old, HS=humongous(starts), HC=humongous(continues), CS=collection set, F=free, A=archive, TAMS=top-at-mark-start (previous, next)
|   0|0x0000000780000000, 0x0000000780000000, 0x0000000780100000|  0%| F|  |TAMS 0x0000000780000000, 0x0000000780000000| Untracked 
|   1|0x0000000780100000, 0x0000000780100000, 0x0000000780200000|  0%| F|  |TAMS 0x0000000780100000, 0x0000000780100000| Untracked 
|   2|0x0000000780200000, 0x0000000780200000, 0x0000000780300000|  0%| F|  |TAMS 0x0000000780200000, 0x0000000780200000| Untracked 
|   3|0x0000000780300000, 0x0000000780300000, 0x0000000780400000|  0%| F|  |TAMS 0x0000000780300000, 0x0000000780300000| Untracked 
|   4|0x0000000780400000, 0x0000000780400000, 0x0000000780500000|  0%| F|  |TAMS 0x0000000780400000, 0x0000000780400000| Untracked 
|   5|0x0000000780500000, 0x0000000780500000, 0x0000000780600000|  0%| F|  |TAMS 0x0000000780500000, 0x0000000780500000| Untracked 
|   6|0x0000000780600000, 0x0000000780600000, 0x0000000780700000|  0%| F|  |TAMS 0x0000000780600000, 0x0000000780600000| Untracked 
|   7|0x0000000780700000, 0x0000000780700000, 0x0000000780800000|  0%| F|  |TAMS 0x0000000780700000, 0x0000000780700000| Untracked 
|   8|0x0000000780800000, 0x0000000780800000, 0x0000000780900000|  0%| F|  |TAMS 0x0000000780800000, 0x0000000780800000| Untracked 
|   9|0x0000000780900000, 0x0000000780900000, 0x0000000780a00000|  0%| F|  |TAMS 0x0000000780900000, 0x0000000780900000| Untracked 
|  10|0x0000000780a00000, 0x0000000780a00000, 0x0000000780b00000|  0%| F|  |TAMS 0x0000000780a00000, 0x0000000780a00000| Untracked 
|  11|0x0000000780b00000, 0x0000000780b00000, 0x0000000780c00000|  0%| F|  |TAMS 0x0000000780b00000, 0x0000000780b00000| Untracked 
|  12|0x0000000780c00000, 0x0000000780c00000, 0x0000000780d00000|  0%| F|  |TAMS 0x0000000780c00000, 0x0000000780c00000| Untracked 
|  13|0x0000000780d00000, 0x0000000780d00000, 0x0000000780e00000|  0%| F|  |TAMS 0x0000000780d00000, 0x0000000780d00000| Untracked 
|  14|0x0000000780e00000, 0x0000000780e00000, 0x0000000780f00000|  0%| F|  |TAMS 0x0000000780e00000, 0x0000000780e00000| Untracked 
|  15|0x0000000780f00000, 0x0000000780f00000, 0x0000000781000000|  0%| F|  |TAMS 0x0000000780f00000, 0x0000000780f00000| Untracked 
|  16|0x0000000781000000, 0x0000000781000000, 0x0000000781100000|  0%| F|  |TAMS 0x0000000781000000, 0x0000000781000000| Untracked 
|  17|0x0000000781100000, 0x0000000781100000, 0x0000000781200000|  0%| F|  |TAMS 0x0000000781100000, 0x0000000781100000| Untracked 
|  18|0x0000000781200000, 0x0000000781200000, 0x0000000781300000|  0%| F|  |TAMS 0x0000000781200000, 0x0000000781200000| Untracked 
|  19|0x0000000781300000, 0x0000000781300000, 0x0000000781400000|  0%| F|  |TAMS 0x0000000781300000, 0x0000000781300000| Untracked 
|  20|0x0000000781400000, 0x0000000781400000, 0x0000000781500000|  0%| F|  |TAMS 0x0000000781400000, 0x0000000781400000| Untracked 
|  21|0x0000000781500000, 0x0000000781500000, 0x0000000781600000|  0%| F|  |TAMS 0x0000000781500000, 0x0000000781500000| Untracked 
|  22|0x0000000781600000, 0x0000000781600000, 0x0000000781700000|  0%| F|  |TAMS 0x0000000781600000, 0x0000000781600000| Untracked 
|  23|0x0000000781700000, 0x0000000781700000, 0x0000000781800000|  0%| F|  |TAMS 0x0000000781700000, 0x0000000781700000| Untracked 
|  24|0x0000000781800000, 0x0000000781800000, 0x0000000781900000|  0%| F|  |TAMS 0x0000000781800000, 0x0000000781800000| Untracked 
|  25|0x0000000781900000, 0x0000000781900000, 0x0000000781a00000|  0%| F|  |TAMS 0x0000000781900000, 0x0000000781900000| Untracked 
|  26|0x0000000781a00000, 0x0000000781a00000, 0x0000000781b00000|  0%| F|  |TAMS 0x0000000781a00000, 0x0000000781a00000| Untracked 
|  27|0x0000000781b00000, 0x0000000781b00000, 0x0000000781c00000|  0%| F|  |TAMS 0x0000000781b00000, 0x0000000781b00000| Untracked 
|  28|0x0000000781c00000, 0x0000000781c00000, 0x0000000781d00000|  0%| F|  |TAMS 0x0000000781c00000, 0x0000000781c00000| Untracked 
|  29|0x0000000781d00000, 0x0000000781d00000, 0x0000000781e00000|  0%| F|  |TAMS 0x0000000781d00000, 0x0000000781d00000| Untracked 
|  30|0x0000000781e00000, 0x0000000781e00000, 0x0000000781f00000|  0%| F|  |TAMS 0x0000000781e00000, 0x0000000781e00000| Untracked 
|  31|0x0000000781f00000, 0x0000000781f00000, 0x0000000782000000|  0%| F|  |TAMS 0x0000000781f00000, 0x0000000781f00000| Untracked 
|  32|0x0000000782000000, 0x0000000782000000, 0x0000000782100000|  0%| F|  |TAMS 0x0000000782000000, 0x0000000782000000| Untracked 
|  33|0x0000000782100000, 0x0000000782100000, 0x0000000782200000|  0%| F|  |TAMS 0x0000000782100000, 0x0000000782100000| Untracked 
|  34|0x0000000782200000, 0x0000000782200000, 0x0000000782300000|  0%| F|  |TAMS 0x0000000782200000, 0x0000000782200000| Untracked 
|  35|0x0000000782300000, 0x0000000782300000, 0x0000000782400000|  0%| F|  |TAMS 0x0000000782300000, 0x0000000782300000| Untracked 
|  36|0x0000000782400000, 0x0000000782400000, 0x0000000782500000|  0%| F|  |TAMS 0x0000000782400000, 0x0000000782400000| Untracked 
|  37|0x0000000782500000, 0x0000000782500000, 0x0000000782600000|  0%| F|  |TAMS 0x0000000782500000, 0x0000000782500000| Untracked 
|  38|0x0000000782600000, 0x0000000782600000, 0x0000000782700000|  0%| F|  |TAMS 0x0000000782600000, 0x0000000782600000| Untracked 
|  39|0x0000000782700000, 0x0000000782700000, 0x0000000782800000|  0%| F|  |TAMS 0x0000000782700000, 0x0000000782700000| Untracked 
|  40|0x0000000782800000, 0x0000000782800000, 0x0000000782900000|  0%| F|  |TAMS 0x0000000782800000, 0x0000000782800000| Untracked 
|  41|0x0000000782900000, 0x0000000782900000, 0x0000000782a00000|  0%| F|  |TAMS 0x0000000782900000, 0x0000000782900000| Untracked 
|  42|0x0000000782a00000, 0x0000000782a00000, 0x0000000782b00000|  0%| F|  |TAMS 0x0000000782a00000, 0x0000000782a00000| Untracked 
|  43|0x0000000782b00000, 0x0000000782b00000, 0x0000000782c00000|  0%| F|  |TAMS 0x0000000782b00000, 0x0000000782b00000| Untracked 
|  44|0x0000000782c00000, 0x0000000782c00000, 0x0000000782d00000|  0%| F|  |TAMS 0x0000000782c00000, 0x0000000782c00000| Untracked 
|  45|0x0000000782d00000, 0x0000000782d00000, 0x0000000782e00000|  0%| F|  |TAMS 0x0000000782d00000, 0x0000000782d00000| Untracked 
|  46|0x0000000782e00000, 0x0000000782e00000, 0x0000000782f00000|  0%| F|  |TAMS 0x0000000782e00000, 0x0000000782e00000| Untracked 
|  47|0x0000000782f00000, 0x0000000782f00000, 0x0000000783000000|  0%| F|  |TAMS 0x0000000782f00000, 0x0000000782f00000| Untracked 
|  48|0x0000000783000000, 0x0000000783000000, 0x0000000783100000|  0%| F|  |TAMS 0x0000000783000000, 0x0000000783000000| Untracked 
|  49|0x0000000783100000, 0x0000000783100000, 0x0000000783200000|  0%| F|  |TAMS 0x0000000783100000, 0x0000000783100000| Untracked 
|  50|0x0000000783200000, 0x0000000783200000, 0x0000000783300000|  0%| F|  |TAMS 0x0000000783200000, 0x0000000783200000| Untracked 
|  51|0x0000000783300000, 0x0000000783300000, 0x0000000783400000|  0%| F|  |TAMS 0x0000000783300000, 0x0000000783300000| Untracked 
|  52|0x0000000783400000, 0x0000000783400000, 0x0000000783500000|  0%| F|  |TAMS 0x0000000783400000, 0x0000000783400000| Untracked 
|  53|0x0000000783500000, 0x0000000783500000, 0x0000000783600000|  0%| F|  |TAMS 0x0000000783500000, 0x0000000783500000| Untracked 
|  54|0x0000000783600000, 0x0000000783600000, 0x0000000783700000|  0%| F|  |TAMS 0x0000000783600000, 0x0000000783600000| Untracked 
|  55|0x0000000783700000, 0x0000000783700000, 0x0000000783800000|  0%| F|  |TAMS 0x0000000783700000, 0x0000000783700000| Untracked 
|  56|0x0000000783800000, 0x0000000783800000, 0x0000000783900000|  0%| F|  |TAMS 0x0000000783800000, 0x0000000783800000| Untracked 
|  57|0x0000000783900000, 0x0000000783900000, 0x0000000783a00000|  0%| F|  |TAMS 0x0000000783900000, 0x0000000783900000| Untracked 
|  58|0x0000000783a00000, 0x0000000783a00000, 0x0000000783b00000|  0%| F|  |TAMS 0x0000000783a00000, 0x0000000783a00000| Untracked 
|  59|0x0000000783b00000, 0x0000000783b00000, 0x0000000783c00000|  0%| F|  |TAMS 0x0000000783b00000, 0x0000000783b00000| Untracked 
|  60|0x0000000783c00000, 0x0000000783c00000, 0x0000000783d00000|  0%| F|  |TAMS 0x0000000783c00000, 0x0000000783c00000| Untracked 
|  61|0x0000000783d00000, 0x0000000783d00000, 0x0000000783e00000|  0%| F|  |TAMS 0x0000000783d00000, 0x0000000783d00000| Untracked 
|  62|0x0000000783e00000, 0x0000000783e00000, 0x0000000783f00000|  0%| F|  |TAMS 0x0000000783e00000, 0x0000000783e00000| Untracked 
|  63|0x0000000783f00000, 0x0000000783f00000, 0x0000000784000000|  0%| F|  |TAMS 0x0000000783f00000, 0x0000000783f00000| Untracked 
|  64|0x0000000784000000, 0x0000000784000000, 0x0000000784100000|  0%| F|  |TAMS 0x0000000784000000, 0x0000000784000000| Untracked 
|  65|0x0000000784100000, 0x0000000784100000, 0x0000000784200000|  0%| F|  |TAMS 0x0000000784100000, 0x0000000784100000| Untracked 
|  66|0x0000000784200000, 0x0000000784200000, 0x0000000784300000|  0%| F|  |TAMS 0x0000000784200000, 0x0000000784200000| Untracked 
|  67|0x0000000784300000, 0x0000000784300000, 0x0000000784400000|  0%| F|  |TAMS 0x0000000784300000, 0x0000000784300000| Untracked 
|  68|0x0000000784400000, 0x0000000784400000, 0x0000000784500000|  0%| F|  |TAMS 0x0000000784400000, 0x0000000784400000| Untracked 
|  69|0x0000000784500000, 0x0000000784500000, 0x0000000784600000|  0%| F|  |TAMS 0x0000000784500000, 0x0000000784500000| Untracked 
|  70|0x0000000784600000, 0x0000000784600000, 0x0000000784700000|  0%| F|  |TAMS 0x0000000784600000, 0x0000000784600000| Untracked 
|  71|0x0000000784700000, 0x0000000784700000, 0x0000000784800000|  0%| F|  |TAMS 0x0000000784700000, 0x0000000784700000| Untracked 
|  72|0x0000000784800000, 0x0000000784800000, 0x0000000784900000|  0%| F|  |TAMS 0x0000000784800000, 0x0000000784800000| Untracked 
|  73|0x0000000784900000, 0x0000000784900000, 0x0000000784a00000|  0%| F|  |TAMS 0x0000000784900000, 0x0000000784900000| Untracked 
|  74|0x0000000784a00000, 0x0000000784a00000, 0x0000000784b00000|  0%| F|  |TAMS 0x0000000784a00000, 0x0000000784a00000| Untracked 
|  75|0x0000000784b00000, 0x0000000784b00000, 0x0000000784c00000|  0%| F|  |TAMS 0x0000000784b00000, 0x0000000784b00000| Untracked 
|  76|0x0000000784c00000, 0x0000000784c00000, 0x0000000784d00000|  0%| F|  |TAMS 0x0000000784c00000, 0x0000000784c00000| Untracked 
|  77|0x0000000784d00000, 0x0000000784d00000, 0x0000000784e00000|  0%| F|  |TAMS 0x0000000784d00000, 0x0000000784d00000| Untracked 
|  78|0x0000000784e00000, 0x0000000784e00000, 0x0000000784f00000|  0%| F|  |TAMS 0x0000000784e00000, 0x0000000784e00000| Untracked 
|  79|0x0000000784f00000, 0x0000000784f00000, 0x0000000785000000|  0%| F|  |TAMS 0x0000000784f00000, 0x0000000784f00000| Untracked 
|  80|0x0000000785000000, 0x0000000785000000, 0x0000000785100000|  0%| F|  |TAMS 0x0000000785000000, 0x0000000785000000| Untracked 
|  81|0x0000000785100000, 0x0000000785100000, 0x0000000785200000|  0%| F|  |TAMS 0x0000000785100000, 0x0000000785100000| Untracked 
|  82|0x0000000785200000, 0x0000000785200000, 0x0000000785300000|  0%| F|  |TAMS 0x0000000785200000, 0x0000000785200000| Untracked 
|  83|0x0000000785300000, 0x0000000785300000, 0x0000000785400000|  0%| F|  |TAMS 0x0000000785300000, 0x0000000785300000| Untracked 
|  84|0x0000000785400000, 0x0000000785400000, 0x0000000785500000|  0%| F|  |TAMS 0x0000000785400000, 0x0000000785400000| Untracked 
|  85|0x0000000785500000, 0x0000000785500000, 0x0000000785600000|  0%| F|  |TAMS 0x0000000785500000, 0x0000000785500000| Untracked 
|  86|0x0000000785600000, 0x0000000785600000, 0x0000000785700000|  0%| F|  |TAMS 0x0000000785600000, 0x0000000785600000| Untracked 
|  87|0x0000000785700000, 0x0000000785700000, 0x0000000785800000|  0%| F|  |TAMS 0x0000000785700000, 0x0000000785700000| Untracked 
|  88|0x0000000785800000, 0x0000000785800000, 0x0000000785900000|  0%| F|  |TAMS 0x0000000785800000, 0x0000000785800000| Untracked 
|  89|0x0000000785900000, 0x0000000785900000, 0x0000000785a00000|  0%| F|  |TAMS 0x0000000785900000, 0x0000000785900000| Untracked 
|  90|0x0000000785a00000, 0x0000000785a00000, 0x0000000785b00000|  0%| F|  |TAMS 0x0000000785a00000, 0x0000000785a00000| Untracked 
|  91|0x0000000785b00000, 0x0000000785b00000, 0x0000000785c00000|  0%| F|  |TAMS 0x0000000785b00000, 0x0000000785b00000| Untracked 
|  92|0x0000000785c00000, 0x0000000785c00000, 0x0000000785d00000|  0%| F|  |TAMS 0x0000000785c00000, 0x0000000785c00000| Untracked 
|  93|0x0000000785d00000, 0x0000000785d00000, 0x0000000785e00000|  0%| F|  |TAMS 0x0000000785d00000, 0x0000000785d00000| Untracked 
|  94|0x0000000785e00000, 0x0000000785e00000, 0x0000000785f00000|  0%| F|  |TAMS 0x0000000785e00000, 0x0000000785e00000| Untracked 
|  95|0x0000000785f00000, 0x0000000785f00000, 0x0000000786000000|  0%| F|  |TAMS 0x0000000785f00000, 0x0000000785f00000| Untracked 
|  96|0x0000000786000000, 0x0000000786000000, 0x0000000786100000|  0%| F|  |TAMS 0x0000000786000000, 0x0000000786000000| Untracked 
|  97|0x0000000786100000, 0x0000000786100000, 0x0000000786200000|  0%| F|  |TAMS 0x0000000786100000, 0x0000000786100000| Untracked 
|  98|0x0000000786200000, 0x0000000786200000, 0x0000000786300000|  0%| F|  |TAMS 0x0000000786200000, 0x0000000786200000| Untracked 
|  99|0x0000000786300000, 0x0000000786300000, 0x0000000786400000|  0%| F|  |TAMS 0x0000000786300000, 0x0000000786300000| Untracked 
| 100|0x0000000786400000, 0x0000000786400000, 0x0000000786500000|  0%| F|  |TAMS 0x0000000786400000, 0x0000000786400000| Untracked 
| 101|0x0000000786500000, 0x0000000786500000, 0x0000000786600000|  0%| F|  |TAMS 0x0000000786500000, 0x0000000786500000| Untracked 
| 102|0x0000000786600000, 0x0000000786600000, 0x0000000786700000|  0%| F|  |TAMS 0x0000000786600000, 0x0000000786600000| Untracked 
| 103|0x0000000786700000, 0x0000000786700000, 0x0000000786800000|  0%| F|  |TAMS 0x0000000786700000, 0x0000000786700000| Untracked 
| 104|0x0000000786800000, 0x0000000786800000, 0x0000000786900000|  0%| F|  |TAMS 0x0000000786800000, 0x0000000786800000| Untracked 
| 105|0x0000000786900000, 0x0000000786900000, 0x0000000786a00000|  0%| F|  |TAMS 0x0000000786900000, 0x0000000786900000| Untracked 
| 106|0x0000000786a00000, 0x0000000786a00000, 0x0000000786b00000|  0%| F|  |TAMS 0x0000000786a00000, 0x0000000786a00000| Untracked 
| 107|0x0000000786b00000, 0x0000000786b00000, 0x0000000786c00000|  0%| F|  |TAMS 0x0000000786b00000, 0x0000000786b00000| Untracked 
| 108|0x0000000786c00000, 0x0000000786c00000, 0x0000000786d00000|  0%| F|  |TAMS 0x0000000786c00000, 0x0000000786c00000| Untracked 
| 109|0x0000000786d00000, 0x0000000786d00000, 0x0000000786e00000|  0%| F|  |TAMS 0x0000000786d00000, 0x0000000786d00000| Untracked 
| 110|0x0000000786e00000, 0x0000000786e00000, 0x0000000786f00000|  0%| F|  |TAMS 0x0000000786e00000, 0x0000000786e00000| Untracked 
| 111|0x0000000786f00000, 0x0000000786f00000, 0x0000000787000000|  0%| F|  |TAMS 0x0000000786f00000, 0x0000000786f00000| Untracked 
| 112|0x0000000787000000, 0x0000000787000000, 0x0000000787100000|  0%| F|  |TAMS 0x0000000787000000, 0x0000000787000000| Untracked 
| 113|0x0000000787100000, 0x0000000787100000, 0x0000000787200000|  0%| F|  |TAMS 0x0000000787100000, 0x0000000787100000| Untracked 
| 114|0x0000000787200000, 0x0000000787200000, 0x0000000787300000|  0%| F|  |TAMS 0x0000000787200000, 0x0000000787200000| Untracked 
| 115|0x0000000787300000, 0x0000000787300000, 0x0000000787400000|  0%| F|  |TAMS 0x0000000787300000, 0x0000000787300000| Untracked 
| 116|0x0000000787400000, 0x0000000787400000, 0x0000000787500000|  0%| F|  |TAMS 0x0000000787400000, 0x0000000787400000| Untracked 
| 117|0x0000000787500000, 0x0000000787500000, 0x0000000787600000|  0%| F|  |TAMS 0x0000000787500000, 0x0000000787500000| Untracked 
| 118|0x0000000787600000, 0x0000000787600000, 0x0000000787700000|  0%| F|  |TAMS 0x0000000787600000, 0x0000000787600000| Untracked 
| 119|0x0000000787700000, 0x0000000787700000, 0x0000000787800000|  0%| F|  |TAMS 0x0000000787700000, 0x0000000787700000| Untracked 
| 120|0x0000000787800000, 0x0000000787800000, 0x0000000787900000|  0%| F|  |TAMS 0x0000000787800000, 0x0000000787800000| Untracked 
| 121|0x0000000787900000, 0x00000007879d7c60, 0x0000000787a00000| 84%| E|  |TAMS 0x0000000787900000, 0x0000000787900000| Complete 
| 122|0x0000000787a00000, 0x0000000787b00000, 0x0000000787b00000|100%| E|CS|TAMS 0x0000000787a00000, 0x0000000787a00000| Complete 
| 123|0x0000000787b00000, 0x0000000787c00000, 0x0000000787c00000|100%| E|CS|TAMS 0x0000000787b00000, 0x0000000787b00000| Complete 
| 124|0x0000000787c00000, 0x0000000787d00000, 0x0000000787d00000|100%| E|CS|TAMS 0x0000000787c00000, 0x0000000787c00000| Complete 
| 125|0x0000000787d00000, 0x0000000787e00000, 0x0000000787e00000|100%| E|CS|TAMS 0x0000000787d00000, 0x0000000787d00000| Complete 
| 126|0x0000000787e00000, 0x0000000787f00000, 0x0000000787f00000|100%| E|CS|TAMS 0x0000000787e00000, 0x0000000787e00000| Complete 
| 127|0x0000000787f00000, 0x0000000788000000, 0x0000000788000000|100%| E|CS|TAMS 0x0000000787f00000, 0x0000000787f00000| Complete 

Card table byte_map: [0x0000000101d95000,0x0000000102195000] _byte_map_base: 0x00000000fe195000

Marking Bits (Prev, Next): (CMBitMap*) 0x00007fc65582d818, (CMBitMap*) 0x00007fc65582d850
 Prev Bits: [0x0000000119b65000, 0x000000011bb65000)
 Next Bits: [0x000000011bb65000, 0x000000011db65000)

Polling page: 0x00000001014da000

Metaspace:

Usage:
  Non-class:      9.47 MB capacity,     9.38 MB (>99%) used,    80.18 KB ( <1%) free+waste,    10.00 KB ( <1%) overhead. 
      Class:    984.00 KB capacity,   941.40 KB ( 96%) used,    38.54 KB (  4%) free+waste,     4.06 KB ( <1%) overhead. 
       Both:     10.43 MB capacity,    10.30 MB ( 99%) used,   118.72 KB (  1%) free+waste,    14.06 KB ( <1%) overhead. 

Virtual space:
  Non-class space:       10.00 MB reserved,       9.75 MB ( 98%) committed 
      Class space:        1.00 GB reserved,       1.00 MB ( <1%) committed 
             Both:        1.01 GB reserved,      10.75 MB (  1%) committed 

Chunk freelists:
   Non-Class:  10.00 KB
       Class:  1.00 KB
        Both:  11.00 KB

CodeHeap 'non-profiled nmethods': size=120032Kb used=151Kb max_used=151Kb free=119880Kb
 bounds [0x000000011262d000, 0x000000011289d000, 0x0000000119b65000]
CodeHeap 'profiled nmethods': size=120032Kb used=794Kb max_used=794Kb free=119237Kb
 bounds [0x000000010b0f5000, 0x000000010b365000, 0x000000011262d000]
CodeHeap 'non-nmethods': size=5696Kb used=1129Kb max_used=1144Kb free=4566Kb
 bounds [0x000000010ab65000, 0x000000010add5000, 0x000000010b0f5000]
 total_blobs=905 nmethods=538 adapters=288
 compilation: enabled
              stopped_count=0, restarted_count=0
 full_count=0

Compilation events (10 events):
Event: 1711.025 Thread 0x00007fc6558c2800  534       3       org.eclipse.jdt.launching.internal.org.objectweb.asm.SymbolTable$Entry::<init> (18 bytes)
Event: 1711.025 Thread 0x00007fc6558c2800 nmethod 534 0x000000010b1baf90 code [0x000000010b1bb140, 0x000000010b1bb2c0]
Event: 1738.373 Thread 0x00007fc6558c2800  535       1       org.eclipse.jdt.launching.internal.org.objectweb.asm.MethodWriter::hasAsmInstructions (5 bytes)
Event: 1738.373 Thread 0x00007fc6558c2800 nmethod 535 0x0000000112652090 code [0x0000000112652220, 0x00000001126522d0]
Event: 1759.010 Thread 0x00007fc656012800  536       4       org.eclipse.jdt.launching.internal.org.objectweb.asm.ClassReader::readUtf (44 bytes)
Event: 1759.026 Thread 0x00007fc656012800 nmethod 536 0x0000000112652390 code [0x0000000112652540, 0x00000001126528c8]
Event: 1769.742 Thread 0x00007fc6558c2800  537       1       java.security.CodeSource::getLocation (5 bytes)
Event: 1769.742 Thread 0x00007fc6558c2800 nmethod 537 0x0000000112652b10 code [0x0000000112652ca0, 0x0000000112652d50]
Event: 1914.546 Thread 0x00007fc6558c2800  538       3       org.eclipse.jdt.launching.internal.org.objectweb.asm.ByteVector::<init> (13 bytes)
Event: 1914.546 Thread 0x00007fc6558c2800 nmethod 538 0x000000010b1bb390 code [0x000000010b1bb540, 0x000000010b1bb7b0]

GC Heap History (0 events):
No events

Deoptimization events (1 events):
Event: 1.368 Thread 0x00007fc655809000 Uncommon trap: reason=unstable_if action=reinterpret pc=0x0000000112639e7c method=java.util.HashMap.putVal(ILjava/lang/Object;Ljava/lang/Object;ZZ)Ljava/lang/Object; @ 181 c2

Classes redefined (10 events):
Event: 1804.784 Thread 0x00007fc656009000 redefined class name=com.logicalprogram.maximum_occurance, count=71
Event: 1816.017 Thread 0x00007fc656009000 redefined class name=com.logicalprogram.maximum_occurance, count=72
Event: 1817.070 Thread 0x00007fc656009000 redefined class name=com.logicalprogram.maximum_occurance, count=73
Event: 1819.905 Thread 0x00007fc656009000 redefined class name=com.logicalprogram.maximum_occurance, count=74
Event: 1821.911 Thread 0x00007fc656009000 redefined class name=com.logicalprogram.maximum_occurance, count=75
Event: 1824.389 Thread 0x00007fc656009000 redefined class name=com.logicalprogram.maximum_occurance, count=76
Event: 1829.708 Thread 0x00007fc656009000 redefined class name=com.logicalprogram.maximum_occurance, count=77
Event: 1831.086 Thread 0x00007fc656009000 redefined class name=com.logicalprogram.maximum_occurance, count=78
Event: 1914.555 Thread 0x00007fc656009000 redefined class name=com.logicalprogram.maximum_occurance, count=79
Event: 1948.839 Thread 0x00007fc656009000 redefined class name=com.logicalprogram.maximum_occurance, count=80

Internal exceptions (3 events):
Event: 0.457 Thread 0x00007fc655809000 Exception <a 'java/lang/NoSuchMethodError'{0x0000000787e09f78}: java.lang.invoke.DirectMethodHandle$Holder.invokeSpecial(Ljava/lang/Object;Ljava/lang/Object;Ljava/lang/Object;Ljava/lang/Object;)I> (0x0000000787e09f78) thrown at [./open/src/hotspot/share/i
Event: 0.471 Thread 0x00007fc655809000 Exception <a 'java/lang/NoSuchMethodError'{0x0000000787e1bbd0}: java.lang.invoke.DirectMethodHandle$Holder.invokeVirtual(Ljava/lang/Object;Ljava/lang/Object;)V> (0x0000000787e1bbd0) thrown at [./open/src/hotspot/share/interpreter/linkResolver.cpp, line 77
Event: 1.344 Thread 0x00007fc655809000 Exception <a 'java/lang/NoSuchMethodError'{0x0000000787d44430}: java.lang.invoke.DirectMethodHandle$Holder.invokeStaticInit(Ljava/lang/Object;Ljava/lang/Object;)V> (0x0000000787d44430) thrown at [./open/src/hotspot/share/interpreter/linkResolver.cpp, line

Events (10 events):
Event: 1948.866 Executing VM operation: GetFrameCount done
Event: 1948.867 Executing VM operation: GetStackTrace
Event: 1948.867 Executing VM operation: GetStackTrace done
Event: 1949.521 Executing VM operation: GetFrameCount
Event: 1949.521 Executing VM operation: GetFrameCount done
Event: 1949.522 Executing VM operation: GetOwnedMonitorInfo
Event: 1949.522 Executing VM operation: GetOwnedMonitorInfo done
Event: 1949.522 Executing VM operation: GetCurrentContendedMonitor
Event: 1949.522 Executing VM operation: GetCurrentContendedMonitor done
Event: 1961.346 Executing VM operation: GetOrSetLocal


Dynamic libraries:
0x00000001014bb000 	/Library/Java/JavaVirtualMachines/jdk-11.jdk/Contents/Home/lib/jli/libjli.dylib
0x00007ff831f6d000 	/System/Library/Frameworks/Cocoa.framework/Versions/A/Cocoa
0x00007ff81dbab000 	/System/Library/Frameworks/AppKit.framework/Versions/C/AppKit
0x00007ff8210c1000 	/System/Library/Frameworks/CoreData.framework/Versions/A/CoreData
0x00007ff81bfaa000 	/System/Library/Frameworks/Foundation.framework/Versions/C/Foundation
0x00007ff825ee4000 	/usr/lib/libSystem.B.dylib
0x00007ff81ea3b000 	/System/Library/PrivateFrameworks/UIFoundation.framework/Versions/A/UIFoundation
0x00007ff82be5b000 	/System/Library/PrivateFrameworks/RemoteViewServices.framework/Versions/A/RemoteViewServices
0x00007ff824137000 	/System/Library/PrivateFrameworks/XCTTargetBootstrap.framework/Versions/A/XCTTargetBootstrap
0x00007ff827cf1000 	/System/Library/PrivateFrameworks/InternationalSupport.framework/Versions/A/InternationalSupport
0x00007ff827d7b000 	/System/Library/PrivateFrameworks/UserActivity.framework/Versions/A/UserActivity
0x00007ff8270cc000 	/usr/lib/libspindump.dylib
0x00007ff81ecca000 	/System/Library/Frameworks/UniformTypeIdentifiers.framework/Versions/A/UniformTypeIdentifiers
0x00007ff82285c000 	/usr/lib/libapp_launch_measurement.dylib
0x00007ff821a93000 	/System/Library/PrivateFrameworks/CoreAnalytics.framework/Versions/A/CoreAnalytics
0x00007ff82285f000 	/System/Library/PrivateFrameworks/CoreAutoLayout.framework/Versions/A/CoreAutoLayout
0x00007ff823a8f000 	/System/Library/Frameworks/Metal.framework/Versions/A/Metal
0x00007ff8247be000 	/usr/lib/liblangid.dylib
0x00007ff82413c000 	/System/Library/PrivateFrameworks/CoreSVG.framework/Versions/A/CoreSVG
0x00007ff8200b5000 	/System/Library/PrivateFrameworks/SkyLight.framework/Versions/A/SkyLight
0x00007ff820454000 	/System/Library/Frameworks/CoreGraphics.framework/Versions/A/CoreGraphics
0x00007ff82c51b000 	/System/Library/Frameworks/Accelerate.framework/Versions/A/Accelerate
0x00007ff826b4b000 	/System/Library/PrivateFrameworks/IconServices.framework/Versions/A/IconServices
0x00007ff823a74000 	/System/Library/Frameworks/IOSurface.framework/Versions/A/IOSurface
0x00007ff821ac1000 	/usr/lib/libDiagnosticMessagesClient.dylib
0x00007ff825e04000 	/usr/lib/libz.1.dylib
0x00007ff82fc11000 	/System/Library/Frameworks/ApplicationServices.framework/Versions/A/ApplicationServices
0x00007ff824123000 	/System/Library/PrivateFrameworks/DFRFoundation.framework/Versions/A/DFRFoundation
0x00007ff81d48f000 	/usr/lib/libicucore.A.dylib
0x00007ff828ae7000 	/System/Library/Frameworks/AudioToolbox.framework/Versions/A/AudioToolbox
0x00007ff827cfd000 	/System/Library/PrivateFrameworks/DataDetectorsCore.framework/Versions/A/DataDetectorsCore
0x00007ff9241ff000 	/System/Library/PrivateFrameworks/TextInput.framework/Versions/A/TextInput
0x00007ff820038000 	/usr/lib/libMobileGestalt.dylib
0x00007ff823e2f000 	/System/Library/Frameworks/Carbon.framework/Versions/A/Frameworks/HIToolbox.framework/Versions/A/HIToolbox
0x00007ff82225e000 	/System/Library/Frameworks/QuartzCore.framework/Versions/A/QuartzCore
0x00007ff81d134000 	/System/Library/Frameworks/Security.framework/Versions/A/Security
0x00007ff82be93000 	/System/Library/Frameworks/Carbon.framework/Versions/A/Frameworks/SpeechRecognition.framework/Versions/A/SpeechRecognition
0x00007ff8225bc000 	/System/Library/PrivateFrameworks/CoreUI.framework/Versions/A/CoreUI
0x00007ff81c9fe000 	/System/Library/Frameworks/CoreAudio.framework/Versions/A/CoreAudio
0x00007ff821bb0000 	/System/Library/Frameworks/DiskArbitration.framework/Versions/A/DiskArbitration
0x00007ff8274bd000 	/System/Library/PrivateFrameworks/MultitouchSupport.framework/Versions/A/MultitouchSupport
0x00007ff820037000 	/usr/lib/libenergytrace.dylib
0x00007ff81da93000 	/System/Library/Frameworks/IOKit.framework/Versions/A/IOKit
0x00007ff82c283000 	/System/Library/Frameworks/CoreServices.framework/Versions/A/CoreServices
0x00007ff8227f6000 	/System/Library/PrivateFrameworks/PerformanceAnalysis.framework/Versions/A/PerformanceAnalysis
0x00007ffa33ed0000 	/System/Library/Frameworks/OpenGL.framework/Versions/A/OpenGL
0x00007ff825420000 	/System/Library/PrivateFrameworks/MobileKeyBag.framework/Versions/A/MobileKeyBag
0x00007ff81af72000 	/usr/lib/libobjc.A.dylib
0x00007ff820b20000 	/System/Library/Frameworks/ColorSync.framework/Versions/A/ColorSync
0x00007ff81b12d000 	/System/Library/Frameworks/CoreFoundation.framework/Versions/A/CoreFoundation
0x00007ff8243b4000 	/System/Library/Frameworks/CoreImage.framework/Versions/A/CoreImage
0x00007ff81c812000 	/System/Library/Frameworks/CoreText.framework/Versions/A/CoreText
0x00007ff82416c000 	/System/Library/Frameworks/ImageIO.framework/Versions/A/ImageIO
0x00007ff825eea000 	/System/Library/PrivateFrameworks/SoftLinking.framework/Versions/A/SoftLinking
0x00007ff8228a7000 	/usr/lib/libxml2.2.dylib
0x00007ff81b039000 	/usr/lib/libc++.1.dylib
0x00007ff82616e000 	/usr/lib/libcompression.dylib
0x00007ff827c24000 	/System/Library/PrivateFrameworks/TextureIO.framework/Versions/A/TextureIO
0x00007ff82685c000 	/usr/lib/libate.dylib
0x00007ff825edf000 	/usr/lib/system/libcache.dylib
0x00007ff825e9b000 	/usr/lib/system/libcommonCrypto.dylib
0x00007ff825ec4000 	/usr/lib/system/libcompiler_rt.dylib
0x00007ff825eba000 	/usr/lib/system/libcopyfile.dylib
0x00007ff81ae6d000 	/usr/lib/system/libcorecrypto.dylib
0x00007ff81af2b000 	/usr/lib/system/libdispatch.dylib
0x00007ff81b0ec000 	/usr/lib/system/libdyld.dylib
0x00007ff825ed6000 	/usr/lib/system/libkeymgr.dylib
0x00007ff825e79000 	/usr/lib/system/libmacho.dylib
0x00007ff8254fa000 	/usr/lib/system/libquarantine.dylib
0x00007ff825ed4000 	/usr/lib/system/libremovefile.dylib
0x00007ff820085000 	/usr/lib/system/libsystem_asl.dylib
0x00007ff81ae16000 	/usr/lib/system/libsystem_blocks.dylib
0x00007ff81afb0000 	/usr/lib/system/libsystem_c.dylib
0x00007ff825ecc000 	/usr/lib/system/libsystem_collections.dylib
0x00007ff8247ae000 	/usr/lib/system/libsystem_configuration.dylib
0x00007ff823a57000 	/usr/lib/system/libsystem_containermanager.dylib
0x00007ff825bb1000 	/usr/lib/system/libsystem_coreservices.dylib
0x00007ff81d723000 	/usr/lib/system/libsystem_darwin.dylib
0x00007ff825ed7000 	/usr/lib/system/libsystem_dnssd.dylib
0x00007ff81afad000 	/usr/lib/system/libsystem_featureflags.dylib
0x00007ff81b102000 	/usr/lib/system/libsystem_info.dylib
0x00007ff825e17000 	/usr/lib/system/libsystem_m.dylib
0x00007ff81aeff000 	/usr/lib/system/libsystem_malloc.dylib
0x00007ff820020000 	/usr/lib/system/libsystem_networkextension.dylib
0x00007ff81db4d000 	/usr/lib/system/libsystem_notify.dylib
0x00007ff82c158000 	/usr/lib/system/libsystem_product_info_filter.dylib
0x00007ff8247b2000 	/usr/lib/system/libsystem_sandbox.dylib
0x00007ff825ed1000 	/usr/lib/system/libsystem_secinit.dylib
0x00007ff81b0a8000 	/usr/lib/system/libsystem_kernel.dylib
0x00007ff81b0f8000 	/usr/lib/system/libsystem_platform.dylib
0x00007ff81b0e0000 	/usr/lib/system/libsystem_pthread.dylib
0x00007ff8218d3000 	/usr/lib/system/libsystem_symptoms.dylib
0x00007ff81ae54000 	/usr/lib/system/libsystem_trace.dylib
0x00007ff825ea7000 	/usr/lib/system/libunwind.dylib
0x00007ff81ae18000 	/usr/lib/system/libxpc.dylib
0x00007ff81b092000 	/usr/lib/libc++abi.dylib
0x00007ff825eb2000 	/usr/lib/liboah.dylib
0x00007ff826638000 	/usr/lib/liblzma.5.dylib
0x00007ff81bcbc000 	/System/Library/Frameworks/SystemConfiguration.framework/Versions/A/SystemConfiguration
0x00007ff825ee6000 	/usr/lib/libfakelink.dylib
0x00007ff81fb91000 	/System/Library/Frameworks/CFNetwork.framework/Versions/A/CFNetwork
0x00007ff826027000 	/usr/lib/libarchive.2.dylib
0x00007ff8247ba000 	/System/Library/PrivateFrameworks/AppleSystemInfo.framework/Versions/A/AppleSystemInfo
0x00007ff825521000 	/usr/lib/libbsm.0.dylib
0x00007ff81f1a0000 	/usr/lib/libnetwork.dylib
0x00007ff825e7f000 	/usr/lib/system/libkxld.dylib
0x00007ff825154000 	/System/Library/PrivateFrameworks/IOMobileFramebuffer.framework/Versions/A/IOMobileFramebuffer
0x00007ffb33888000 	/usr/lib/libCoreEntitlements.dylib
0x00007ff825b93000 	/System/Library/PrivateFrameworks/AppleFSCompression.framework/Versions/A/AppleFSCompression
0x00007ff825509000 	/usr/lib/libcoretls.dylib
0x00007ff826652000 	/usr/lib/libcoretls_cfhelpers.dylib
0x00007ff826168000 	/usr/lib/libpam.2.dylib
0x00007ff8214f2000 	/usr/lib/libsqlite3.dylib
0x00007ff8266c1000 	/usr/lib/libxar.1.dylib
0x00007ff825ba3000 	/usr/lib/libbz2.1.0.dylib
0x00007ff825eeb000 	/usr/lib/libpcap.A.dylib
0x00007ff8218cb000 	/usr/lib/libdns_services.dylib
0x00007ff826138000 	/usr/lib/libapple_nghttp2.dylib
0x00007ff825f25000 	/usr/lib/libiconv.2.dylib
0x00007ff825e78000 	/usr/lib/libcharset.1.dylib
0x00007ff82282a000 	/System/Library/Frameworks/CoreServices.framework/Versions/A/Frameworks/FSEvents.framework/Versions/A/FSEvents
0x00007ff81d72d000 	/System/Library/Frameworks/CoreServices.framework/Versions/A/Frameworks/CarbonCore.framework/Versions/A/CarbonCore
0x00007ff821b14000 	/System/Library/Frameworks/CoreServices.framework/Versions/A/Frameworks/Metadata.framework/Versions/A/Metadata
0x00007ff825bb6000 	/System/Library/Frameworks/CoreServices.framework/Versions/A/Frameworks/OSServices.framework/Versions/A/OSServices
0x00007ff8260ad000 	/System/Library/Frameworks/CoreServices.framework/Versions/A/Frameworks/SearchKit.framework/Versions/A/SearchKit
0x00007ff82185d000 	/System/Library/Frameworks/CoreServices.framework/Versions/A/Frameworks/AE.framework/Versions/A/AE
0x00007ff81b630000 	/System/Library/Frameworks/CoreServices.framework/Versions/A/Frameworks/LaunchServices.framework/Versions/A/LaunchServices
0x00007ff8265e9000 	/System/Library/Frameworks/CoreServices.framework/Versions/A/Frameworks/DictionaryServices.framework/Versions/A/DictionaryServices
0x00007ff822837000 	/System/Library/Frameworks/CoreServices.framework/Versions/A/Frameworks/SharedFileList.framework/Versions/A/SharedFileList
0x00007ff8254fd000 	/usr/lib/libCheckFix.dylib
0x00007ff82009c000 	/System/Library/PrivateFrameworks/TCC.framework/Versions/A/TCC
0x00007ff8247c0000 	/System/Library/PrivateFrameworks/CoreNLP.framework/Versions/A/CoreNLP
0x00007ff821ac4000 	/System/Library/PrivateFrameworks/MetadataUtilities.framework/Versions/A/MetadataUtilities
0x00007ff81bd6d000 	/usr/lib/libmecabra.dylib
0x00007ff825531000 	/usr/lib/libmecab.dylib
0x00007ff81bd38000 	/usr/lib/libCRFSuite.dylib
0x00007ff82558b000 	/usr/lib/libgermantok.dylib
0x00007ff826113000 	/usr/lib/libThaiTokenizer.dylib
0x00007ff821bb7000 	/System/Library/Frameworks/Accelerate.framework/Versions/A/Frameworks/vImage.framework/Versions/A/vImage
0x00007ff82c25a000 	/System/Library/Frameworks/Accelerate.framework/Versions/A/Frameworks/vecLib.framework/Versions/A/vecLib
0x00007ff826702000 	/System/Library/Frameworks/Accelerate.framework/Versions/A/Frameworks/vecLib.framework/Versions/A/libvMisc.dylib
0x00007ff824f7f000 	/System/Library/Frameworks/Accelerate.framework/Versions/A/Frameworks/vecLib.framework/Versions/A/libvDSP.dylib
0x00007ff81b9ac000 	/System/Library/Frameworks/Accelerate.framework/Versions/A/Frameworks/vecLib.framework/Versions/A/libBLAS.dylib
0x00007ff82624b000 	/System/Library/Frameworks/Accelerate.framework/Versions/A/Frameworks/vecLib.framework/Versions/A/libLAPACK.dylib
0x00007ff82558e000 	/System/Library/Frameworks/Accelerate.framework/Versions/A/Frameworks/vecLib.framework/Versions/A/libLinearAlgebra.dylib
0x00007ff826150000 	/System/Library/Frameworks/Accelerate.framework/Versions/A/Frameworks/vecLib.framework/Versions/A/libSparseBLAS.dylib
0x00007ff826245000 	/System/Library/Frameworks/Accelerate.framework/Versions/A/Frameworks/vecLib.framework/Versions/A/libQuadrature.dylib
0x00007ff8248ab000 	/System/Library/Frameworks/Accelerate.framework/Versions/A/Frameworks/vecLib.framework/Versions/A/libBNNS.dylib
0x00007ff81bc46000 	/System/Library/Frameworks/Accelerate.framework/Versions/A/Frameworks/vecLib.framework/Versions/A/libSparse.dylib
0x00007ff8248a4000 	/System/Library/PrivateFrameworks/LinguisticData.framework/Versions/A/LinguisticData
0x00007ff81bbfc000 	/System/Library/PrivateFrameworks/Lexicon.framework/Versions/A/Lexicon
0x00007ff8266fb000 	/usr/lib/libChineseTokenizer.dylib
0x00007ff81c367000 	/System/Library/PrivateFrameworks/LanguageModeling.framework/Versions/A/LanguageModeling
0x00007ff826115000 	/System/Library/PrivateFrameworks/AppleSauce.framework/Versions/A/AppleSauce
0x00007ff825142000 	/System/Library/PrivateFrameworks/CoreEmoji.framework/Versions/A/CoreEmoji
0x00007ff826016000 	/usr/lib/libcmph.dylib
0x00007ff82280e000 	/System/Library/Frameworks/OpenDirectory.framework/Versions/A/Frameworks/CFOpenDirectory.framework/Versions/A/CFOpenDirectory
0x00007ff822802000 	/System/Library/Frameworks/OpenDirectory.framework/Versions/A/OpenDirectory
0x00007ff826654000 	/System/Library/PrivateFrameworks/APFS.framework/Versions/A/APFS
0x00007ff825458000 	/System/Library/Frameworks/SecurityFoundation.framework/Versions/A/SecurityFoundation
0x00007ff8266cf000 	/usr/lib/libutil.dylib
0x00007ff81da57000 	/System/Library/PrivateFrameworks/CoreServicesStore.framework/Versions/A/CoreServicesStore
0x00007ff8266d3000 	/usr/lib/libxslt.1.dylib
0x00007ff8254e5000 	/System/Library/PrivateFrameworks/BackgroundTaskManagement.framework/Versions/A/BackgroundTaskManagement
0x00007ff827b44000 	/System/Library/Frameworks/ImageIO.framework/Versions/A/Resources/libRadiance.dylib
0x00007ff827b4d000 	/System/Library/Frameworks/ImageIO.framework/Versions/A/Resources/libJPEG.dylib
0x00007ff827a9c000 	/System/Library/Frameworks/ImageIO.framework/Versions/A/Resources/libPng.dylib
0x00007ff827abd000 	/System/Library/Frameworks/ImageIO.framework/Versions/A/Resources/libTIFF.dylib
0x00007ff827bad000 	/System/Library/Frameworks/ImageIO.framework/Versions/A/Resources/libGIF.dylib
0x00007ff8273d6000 	/System/Library/Frameworks/ImageIO.framework/Versions/A/Resources/libJP2.dylib
0x00007ff826b11000 	/usr/lib/libexpat.1.dylib
0x00007ff82738b000 	/System/Library/PrivateFrameworks/AppleJPEG.framework/Versions/A/AppleJPEG
0x00007ff823cf4000 	/System/Library/PrivateFrameworks/FontServices.framework/libFontParser.dylib
0x00007ff821807000 	/System/Library/PrivateFrameworks/RunningBoardServices.framework/Versions/A/RunningBoardServices
0x00007ff832528000 	/System/Library/PrivateFrameworks/IOSurfaceAccelerator.framework/Versions/A/IOSurfaceAccelerator
0x00007ff8274b9000 	/System/Library/PrivateFrameworks/WatchdogClient.framework/Versions/A/WatchdogClient
0x00007ff81c455000 	/System/Library/Frameworks/CoreDisplay.framework/Versions/A/CoreDisplay
0x00007ff823bf2000 	/System/Library/Frameworks/CoreMedia.framework/Versions/A/CoreMedia
0x00007ff823a86000 	/System/Library/PrivateFrameworks/IOAccelerator.framework/Versions/A/IOAccelerator
0x00007ff82298b000 	/System/Library/Frameworks/CoreVideo.framework/Versions/A/CoreVideo
0x00007ff826166000 	/System/Library/Frameworks/MetalPerformanceShaders.framework/Versions/A/MetalPerformanceShaders
0x00007ff8274f6000 	/System/Library/Frameworks/VideoToolbox.framework/Versions/A/VideoToolbox
0x00007ff821751000 	/System/Library/PrivateFrameworks/BaseBoard.framework/Versions/A/BaseBoard
0x00007ff8214d8000 	/System/Library/PrivateFrameworks/ProtocolBuffer.framework/Versions/A/ProtocolBuffer
0x00007ff827b3d000 	/System/Library/PrivateFrameworks/GPUWrangler.framework/Versions/A/GPUWrangler
0x00007ff827b21000 	/System/Library/PrivateFrameworks/IOPresentment.framework/Versions/A/IOPresentment
0x00007ff827b47000 	/System/Library/PrivateFrameworks/DSExternalDisplay.framework/Versions/A/DSExternalDisplay
0x00007ffa33ec4000 	/System/Library/Frameworks/OpenGL.framework/Versions/A/Libraries/libCoreFSCache.dylib
0x00007ffb20f9b000 	/System/Library/PrivateFrameworks/GPUCompiler.framework/Versions/31001/Libraries/libGPUCompilerUtils.dylib
0x00007ff827bb2000 	/System/Library/PrivateFrameworks/CMCaptureCore.framework/Versions/A/CMCaptureCore
0x00007ff8270ba000 	/System/Library/PrivateFrameworks/AppServerSupport.framework/Versions/A/AppServerSupport
0x00007ff829380000 	/System/Library/PrivateFrameworks/perfdata.framework/Versions/A/perfdata
0x00007ff81c581000 	/System/Library/PrivateFrameworks/AudioToolboxCore.framework/Versions/A/AudioToolboxCore
0x00007ff823bd0000 	/System/Library/PrivateFrameworks/caulk.framework/Versions/A/caulk
0x00007ff828c92000 	/usr/lib/libAudioStatistics.dylib
0x00007ff920985000 	/System/Library/PrivateFrameworks/SystemPolicy.framework/Versions/A/SystemPolicy
0x00007ff828eed000 	/usr/lib/libSMC.dylib
0x00007ff831e20000 	/System/Library/Frameworks/CoreMIDI.framework/Versions/A/CoreMIDI
0x00007ff827a6b000 	/usr/lib/libAudioToolboxUtility.dylib
0x00007ff91cba9000 	/System/Library/PrivateFrameworks/OSAServicesClient.framework/Versions/A/OSAServicesClient
0x00007ff82938d000 	/usr/lib/libperfcheck.dylib
0x00007ff921436000 	/usr/lib/libmis.dylib
0x00007ffa33f1f000 	/System/Library/Frameworks/OpenGL.framework/Versions/A/Libraries/libGLU.dylib
0x00007ffa33ee3000 	/System/Library/Frameworks/OpenGL.framework/Versions/A/Libraries/libGFXShared.dylib
0x00007ffa340ec000 	/System/Library/Frameworks/OpenGL.framework/Versions/A/Libraries/libGL.dylib
0x00007ffa33eec000 	/System/Library/Frameworks/OpenGL.framework/Versions/A/Libraries/libGLImage.dylib
0x00007ffa33ee0000 	/System/Library/Frameworks/OpenGL.framework/Versions/A/Libraries/libCVMSPluginSupport.dylib
0x00007ffa33ecb000 	/System/Library/Frameworks/OpenGL.framework/Versions/A/Libraries/libCoreVMClient.dylib
0x00007ff82473c000 	/System/Library/Frameworks/MetalPerformanceShaders.framework/Versions/A/Frameworks/MPSCore.framework/Versions/A/MPSCore
0x00007ff825afe000 	/System/Library/Frameworks/MetalPerformanceShaders.framework/Versions/A/Frameworks/MPSImage.framework/Versions/A/MPSImage
0x00007ff8255a4000 	/System/Library/Frameworks/MetalPerformanceShaders.framework/Versions/A/Frameworks/MPSNeuralNetwork.framework/Versions/A/MPSNeuralNetwork
0x00007ff825a18000 	/System/Library/Frameworks/MetalPerformanceShaders.framework/Versions/A/Frameworks/MPSMatrix.framework/Versions/A/MPSMatrix
0x00007ff8257d3000 	/System/Library/Frameworks/MetalPerformanceShaders.framework/Versions/A/Frameworks/MPSRayIntersector.framework/Versions/A/MPSRayIntersector
0x00007ff825a50000 	/System/Library/Frameworks/MetalPerformanceShaders.framework/Versions/A/Frameworks/MPSNDArray.framework/Versions/A/MPSNDArray
0x00007ffa399a4000 	/System/Library/Frameworks/MetalPerformanceShaders.framework/Versions/A/Frameworks/MPSFunctions.framework/Versions/A/MPSFunctions
0x00007ff81b888000 	/System/Library/PrivateFrameworks/MetalTools.framework/Versions/A/MetalTools
0x00007ff8247b8000 	/System/Library/PrivateFrameworks/AggregateDictionary.framework/Versions/A/AggregateDictionary
0x00007ff8268f3000 	/usr/lib/libIOReport.dylib
0x00007ffa354fb000 	/System/Library/Frameworks/OpenCL.framework/Versions/A/OpenCL
0x00007ff826c58000 	/System/Library/PrivateFrameworks/FaceCore.framework/Versions/A/FaceCore
0x00007ff826c49000 	/System/Library/PrivateFrameworks/GraphVisualizer.framework/Versions/A/GraphVisualizer
0x00007ffb20ea6000 	/System/Library/PrivateFrameworks/FontServices.framework/Versions/A/FontServices
0x00007ff827072000 	/System/Library/PrivateFrameworks/OTSVG.framework/Versions/A/OTSVG
0x00007ff822571000 	/System/Library/Frameworks/ApplicationServices.framework/Versions/A/Frameworks/ATS.framework/Versions/A/Resources/libFontRegistry.dylib
0x00007ff8270c2000 	/System/Library/PrivateFrameworks/FontServices.framework/libhvf.dylib
0x00007ffb20ea7000 	/System/Library/PrivateFrameworks/FontServices.framework/libXTFontStaticRegistryData.dylib
0x00007ff826ac1000 	/System/Library/PrivateFrameworks/AppleVA.framework/Versions/A/AppleVA
0x00007ff828cb2000 	/System/Library/Frameworks/ApplicationServices.framework/Versions/A/Frameworks/ATS.framework/Versions/A/ATS
0x00007ff820c1e000 	/System/Library/Frameworks/ApplicationServices.framework/Versions/A/Frameworks/HIServices.framework/Versions/A/HIServices
0x00007ff827bbc000 	/System/Library/Frameworks/ApplicationServices.framework/Versions/A/Frameworks/PrintCore.framework/Versions/A/PrintCore
0x00007ff829040000 	/System/Library/Frameworks/ApplicationServices.framework/Versions/A/Frameworks/QD.framework/Versions/A/QD
0x00007ff829038000 	/System/Library/Frameworks/ApplicationServices.framework/Versions/A/Frameworks/ColorSyncLegacy.framework/Versions/A/ColorSyncLegacy
0x00007ff828ca2000 	/System/Library/Frameworks/ApplicationServices.framework/Versions/A/Frameworks/SpeechSynthesis.framework/Versions/A/SpeechSynthesis
0x00007ff827b7d000 	/System/Library/Frameworks/ApplicationServices.framework/Versions/A/Frameworks/ATSUI.framework/Versions/A/ATSUI
0x00007ff828fcd000 	/usr/lib/libcups.2.dylib
0x00007ff82939c000 	/System/Library/Frameworks/Kerberos.framework/Versions/A/Kerberos
0x00007ff8293ab000 	/System/Library/Frameworks/GSS.framework/Versions/A/GSS
0x00007ff828d1e000 	/usr/lib/libresolv.9.dylib
0x00007ff8270d1000 	/System/Library/PrivateFrameworks/Heimdal.framework/Versions/A/Heimdal
0x00007ff82ffa3000 	/System/Library/Frameworks/Kerberos.framework/Versions/A/Libraries/libHeimdalProxy.dylib
0x00007ff8218db000 	/System/Library/Frameworks/Network.framework/Versions/A/Network
0x00007ff826b2c000 	/usr/lib/libheimdal-asn1.dylib
0x00007ff8293f6000 	/System/Library/PrivateFrameworks/CommonAuth.framework/Versions/A/CommonAuth
0x00007ff828c24000 	/System/Library/PrivateFrameworks/AudioSession.framework/Versions/A/AudioSession
0x00007ff826bbc000 	/System/Library/PrivateFrameworks/MediaExperience.framework/Versions/A/MediaExperience
0x00007ff828ab6000 	/System/Library/PrivateFrameworks/AudioSession.framework/libSessionUtility.dylib
0x00007ff82904c000 	/System/Library/PrivateFrameworks/AudioResourceArbitration.framework/Versions/A/AudioResourceArbitration
0x00007ff82d0cd000 	/System/Library/PrivateFrameworks/PowerLog.framework/Versions/A/PowerLog
0x00007ff826b35000 	/System/Library/PrivateFrameworks/IconFoundation.framework/Versions/A/IconFoundation
0x00007ff82be83000 	/System/Library/PrivateFrameworks/SpeechRecognitionCore.framework/Versions/A/SpeechRecognitionCore
0x00000001026fc000 	/Library/Java/JavaVirtualMachines/jdk-11.jdk/Contents/Home/lib/server/libjvm.dylib
0x00000001014e9000 	/Library/Java/JavaVirtualMachines/jdk-11.jdk/Contents/Home/lib/libverify.dylib
0x0000000101525000 	/Library/Java/JavaVirtualMachines/jdk-11.jdk/Contents/Home/lib/libjava.dylib
0x00000001014f9000 	/Library/Java/JavaVirtualMachines/jdk-11.jdk/Contents/Home/lib/libjimage.dylib
0x000000010158d000 	/Library/Java/JavaVirtualMachines/jdk-11.jdk/Contents/Home/lib/libjdwp.dylib
0x0000000101514000 	/Library/Java/JavaVirtualMachines/jdk-11.jdk/Contents/Home/lib/libinstrument.dylib
0x0000000101551000 	/Library/Java/JavaVirtualMachines/jdk-11.jdk/Contents/Home/lib/libzip.dylib
0x0000000101825000 	/Library/Java/JavaVirtualMachines/jdk-11.jdk/Contents/Home/lib/libnio.dylib
0x0000000101837000 	/Library/Java/JavaVirtualMachines/jdk-11.jdk/Contents/Home/lib/libnet.dylib
0x0000000101578000 	/Library/Java/JavaVirtualMachines/jdk-11.jdk/Contents/Home/lib/libdt_socket.dylib


VM Arguments:
jvm_args: -agentlib:jdwp=transport=dt_socket,suspend=y,address=localhost:49222 -javaagent:/Applications/Eclipse.app/Contents/Eclipse/configuration/org.eclipse.osgi/426/0/.cp/lib/javaagent-shaded.jar -Dfile.encoding=UTF-8 -Dstdout.encoding=UTF-8 -Dstderr.encoding=UTF-8 --module-path=/Users/3di/eclipse-workspace/logicalprogram/bin -Djdk.module.main=logicalprogram 
java_command: logicalprogram/com.logicalprogram.maximum_occurance
java_class_path (initial): <not set>
Launcher Type: SUN_STANDARD

[Global flags]
     intx CICompilerCount                          = 3                                         {product} {ergonomic}
     uint ConcGCThreads                            = 1                                         {product} {ergonomic}
     uint G1ConcRefinementThreads                  = 4                                         {product} {ergonomic}
   size_t G1HeapRegionSize                         = 1048576                                   {product} {ergonomic}
    uintx GCDrainStackTargetSize                   = 64                                        {product} {ergonomic}
   size_t InitialHeapSize                          = 134217728                                 {product} {ergonomic}
   size_t MarkStackSize                            = 4194304                                   {product} {ergonomic}
   size_t MaxHeapSize                              = 2147483648                                {product} {ergonomic}
   size_t MaxNewSize                               = 1287651328                                {product} {ergonomic}
   size_t MinHeapDeltaBytes                        = 1048576                                   {product} {ergonomic}
    uintx NonNMethodCodeHeapSize                   = 5830732                                {pd product} {ergonomic}
    uintx NonProfiledCodeHeapSize                  = 122913754                              {pd product} {ergonomic}
    uintx ProfiledCodeHeapSize                     = 122913754                              {pd product} {ergonomic}
    uintx ReservedCodeCacheSize                    = 251658240                              {pd product} {ergonomic}
     bool SegmentedCodeCache                       = true                                      {product} {ergonomic}
     bool UseCompressedClassPointers               = true                                 {lp64_product} {ergonomic}
     bool UseCompressedOops                        = true                                 {lp64_product} {ergonomic}
     bool UseG1GC                                  = true                                      {product} {ergonomic}

Logging:
Log output configuration:
 #0: stdout all=warning uptime,level,tags
 #1: stderr all=off uptime,level,tags

Environment Variables:
PATH=/usr/bin:/bin:/usr/sbin:/sbin
SHELL=/bin/zsh

Signal Handlers:
SIGSEGV: [libjvm.dylib+0x78fa8c], sa_mask[0]=11111111011111110111111111111111, sa_flags=SA_ONSTACK|SA_RESTART|SA_SIGINFO
SIGBUS: [libjvm.dylib+0x78fa8c], sa_mask[0]=11111111011111110111111111111111, sa_flags=SA_RESTART|SA_SIGINFO
SIGFPE: [libjvm.dylib+0x78fa8c], sa_mask[0]=11111111011111110111111111111111, sa_flags=SA_RESTART|SA_SIGINFO
SIGPIPE: [libjvm.dylib+0x64236b], sa_mask[0]=11111111011111110111111111111111, sa_flags=SA_RESTART|SA_SIGINFO
SIGXFSZ: [libjvm.dylib+0x64236b], sa_mask[0]=11111111011111110111111111111111, sa_flags=SA_RESTART|SA_SIGINFO
SIGILL: [libjvm.dylib+0x78fa8c], sa_mask[0]=11111111011111110111111111111111, sa_flags=SA_RESTART|SA_SIGINFO
SIGUSR2: [libjvm.dylib+0x642940], sa_mask[0]=00100000000000000000000000000000, sa_flags=SA_RESTART|SA_SIGINFO
SIGHUP: [libjvm.dylib+0x6413bf], sa_mask[0]=11111111011111110111111111111111, sa_flags=SA_RESTART|SA_SIGINFO
SIGINT: [libjvm.dylib+0x6413bf], sa_mask[0]=11111111011111110111111111111111, sa_flags=SA_RESTART|SA_SIGINFO
SIGTERM: [libjvm.dylib+0x6413bf], sa_mask[0]=11111111011111110111111111111111, sa_flags=SA_RESTART|SA_SIGINFO
SIGQUIT: [libjvm.dylib+0x6413bf], sa_mask[0]=11111111011111110111111111111111, sa_flags=SA_RESTART|SA_SIGINFO


---------------  S Y S T E M  ---------------

OS:uname:Darwin 21.6.0 Darwin Kernel Version 21.6.0: Sun Dec 17 22:55:27 PST 2023; root:xnu-8020.240.18.706.2~1/RELEASE_X86_64 x86_64
rlimit: STACK 8192k, CORE 0k, NPROC 1392, NOFILE 10240, AS infinity, DATA infinity, FSIZE infinity
load average:4.52 4.84 5.76

CPU:total 4 (initial active 4) (2 cores per cpu, 2 threads per core) family 6 model 61 stepping 4 microcode 0x2f, cmov, cx8, fxsr, mmx, sse, sse2, sse3, ssse3, sse4.1, sse4.2, popcnt, avx, avx2, aes, clmul, erms, 3dnowpref, lzcnt, ht, tsc, tscinvbit, bmi1, bmi2, adx, fma

Memory: 4k page, physical 8388608k(267148k free)

vm_info: Java HotSpot(TM) 64-Bit Server VM (11.0.18+9-LTS-195) for bsd-amd64 JRE (11.0.18+9-LTS-195), built on Dec  6 2022 16:08:42 by "mach5one" with gcc 4.2.1 Compatible Apple LLVM 11.0.0 (clang-1100.0.33.17)

END.
